[2025-05-07T15:40:07.439+0000] {taskinstance.py:1087} INFO - Dependencies all met for <TaskInstance: data_lake_pipeline.transform_csv manual__2025-05-07T15:40:06.195939+00:00 [queued]>
[2025-05-07T15:40:07.447+0000] {taskinstance.py:1087} INFO - Dependencies all met for <TaskInstance: data_lake_pipeline.transform_csv manual__2025-05-07T15:40:06.195939+00:00 [queued]>
[2025-05-07T15:40:07.448+0000] {taskinstance.py:1283} INFO - 
--------------------------------------------------------------------------------
[2025-05-07T15:40:07.449+0000] {taskinstance.py:1284} INFO - Starting attempt 1 of 1
[2025-05-07T15:40:07.450+0000] {taskinstance.py:1285} INFO - 
--------------------------------------------------------------------------------
[2025-05-07T15:40:07.459+0000] {taskinstance.py:1304} INFO - Executing <Task(PythonOperator): transform_csv> on 2025-05-07 15:40:06.195939+00:00
[2025-05-07T15:40:07.465+0000] {standard_task_runner.py:55} INFO - Started process 202 to run task
[2025-05-07T15:40:07.469+0000] {standard_task_runner.py:82} INFO - Running: ['***', 'tasks', 'run', 'data_lake_pipeline', 'transform_csv', 'manual__2025-05-07T15:40:06.195939+00:00', '--job-id', '7', '--raw', '--subdir', 'DAGS_FOLDER/data_lake_pipeline.py', '--cfg-path', '/tmp/tmp95eooqbx']
[2025-05-07T15:40:07.471+0000] {standard_task_runner.py:83} INFO - Job 7: Subtask transform_csv
[2025-05-07T15:40:07.487+0000] {logging_mixin.py:137} WARNING - /home/***/.local/lib/python3.7/site-packages/***/settings.py:249 DeprecationWarning: The sql_alchemy_conn option in [core] has been moved to the sql_alchemy_conn option in [database] - the old setting has been used, but please update your config.
[2025-05-07T15:40:07.536+0000] {task_command.py:389} INFO - Running <TaskInstance: data_lake_pipeline.transform_csv manual__2025-05-07T15:40:06.195939+00:00 [running]> on host 66f578c3f724
[2025-05-07T15:40:07.765+0000] {taskinstance.py:1513} INFO - Exporting the following env vars:
AIRFLOW_CTX_DAG_OWNER=***
AIRFLOW_CTX_DAG_ID=data_lake_pipeline
AIRFLOW_CTX_TASK_ID=transform_csv
AIRFLOW_CTX_EXECUTION_DATE=2025-05-07T15:40:06.195939+00:00
AIRFLOW_CTX_TRY_NUMBER=1
AIRFLOW_CTX_DAG_RUN_ID=manual__2025-05-07T15:40:06.195939+00:00
[2025-05-07T15:40:07.800+0000] {python.py:177} INFO - Done. Returned value was: None
[2025-05-07T15:40:07.812+0000] {taskinstance.py:1327} INFO - Marking task as SUCCESS. dag_id=data_lake_pipeline, task_id=transform_csv, execution_date=20250507T154006, start_date=20250507T154007, end_date=20250507T154007
[2025-05-07T15:40:07.872+0000] {local_task_job.py:159} INFO - Task exited with return code 0
[2025-05-07T15:40:07.888+0000] {taskinstance.py:2582} INFO - 0 downstream tasks scheduled from follow-on schedule check
