[2025-05-07T16:04:50.129+0000] {taskinstance.py:1087} INFO - Dependencies all met for <TaskInstance: data_lake_pipeline.transform_csv manual__2025-05-07T16:04:49.022049+00:00 [queued]>
[2025-05-07T16:04:50.137+0000] {taskinstance.py:1087} INFO - Dependencies all met for <TaskInstance: data_lake_pipeline.transform_csv manual__2025-05-07T16:04:49.022049+00:00 [queued]>
[2025-05-07T16:04:50.138+0000] {taskinstance.py:1283} INFO - 
--------------------------------------------------------------------------------
[2025-05-07T16:04:50.140+0000] {taskinstance.py:1284} INFO - Starting attempt 1 of 1
[2025-05-07T16:04:50.141+0000] {taskinstance.py:1285} INFO - 
--------------------------------------------------------------------------------
[2025-05-07T16:04:50.151+0000] {taskinstance.py:1304} INFO - Executing <Task(PythonOperator): transform_csv> on 2025-05-07 16:04:49.022049+00:00
[2025-05-07T16:04:50.157+0000] {standard_task_runner.py:55} INFO - Started process 499 to run task
[2025-05-07T16:04:50.161+0000] {standard_task_runner.py:82} INFO - Running: ['***', 'tasks', 'run', 'data_lake_pipeline', 'transform_csv', 'manual__2025-05-07T16:04:49.022049+00:00', '--job-id', '8', '--raw', '--subdir', 'DAGS_FOLDER/data_lake_pipeline.py', '--cfg-path', '/tmp/tmptqmby45k']
[2025-05-07T16:04:50.165+0000] {standard_task_runner.py:83} INFO - Job 8: Subtask transform_csv
[2025-05-07T16:04:50.182+0000] {logging_mixin.py:137} WARNING - /home/***/.local/lib/python3.7/site-packages/***/settings.py:249 DeprecationWarning: The sql_alchemy_conn option in [core] has been moved to the sql_alchemy_conn option in [database] - the old setting has been used, but please update your config.
[2025-05-07T16:04:50.237+0000] {task_command.py:389} INFO - Running <TaskInstance: data_lake_pipeline.transform_csv manual__2025-05-07T16:04:49.022049+00:00 [running]> on host 66f578c3f724
[2025-05-07T16:04:50.479+0000] {taskinstance.py:1513} INFO - Exporting the following env vars:
AIRFLOW_CTX_DAG_OWNER=***
AIRFLOW_CTX_DAG_ID=data_lake_pipeline
AIRFLOW_CTX_TASK_ID=transform_csv
AIRFLOW_CTX_EXECUTION_DATE=2025-05-07T16:04:49.022049+00:00
AIRFLOW_CTX_TRY_NUMBER=1
AIRFLOW_CTX_DAG_RUN_ID=manual__2025-05-07T16:04:49.022049+00:00
[2025-05-07T16:04:50.498+0000] {python.py:177} INFO - Done. Returned value was: None
[2025-05-07T16:04:50.510+0000] {taskinstance.py:1327} INFO - Marking task as SUCCESS. dag_id=data_lake_pipeline, task_id=transform_csv, execution_date=20250507T160449, start_date=20250507T160450, end_date=20250507T160450
[2025-05-07T16:04:50.541+0000] {local_task_job.py:159} INFO - Task exited with return code 0
[2025-05-07T16:04:50.560+0000] {taskinstance.py:2582} INFO - 1 downstream tasks scheduled from follow-on schedule check
