[2025-05-07T16:36:04.465+0000] {taskinstance.py:1087} INFO - Dependencies all met for <TaskInstance: data_lake_pipeline.load_to_postgres manual__2025-05-07T16:36:02.203077+00:00 [queued]>
[2025-05-07T16:36:04.473+0000] {taskinstance.py:1087} INFO - Dependencies all met for <TaskInstance: data_lake_pipeline.load_to_postgres manual__2025-05-07T16:36:02.203077+00:00 [queued]>
[2025-05-07T16:36:04.474+0000] {taskinstance.py:1283} INFO - 
--------------------------------------------------------------------------------
[2025-05-07T16:36:04.475+0000] {taskinstance.py:1284} INFO - Starting attempt 1 of 1
[2025-05-07T16:36:04.476+0000] {taskinstance.py:1285} INFO - 
--------------------------------------------------------------------------------
[2025-05-07T16:36:04.484+0000] {taskinstance.py:1304} INFO - Executing <Task(PythonOperator): load_to_postgres> on 2025-05-07 16:36:02.203077+00:00
[2025-05-07T16:36:04.490+0000] {standard_task_runner.py:55} INFO - Started process 185 to run task
[2025-05-07T16:36:04.493+0000] {standard_task_runner.py:82} INFO - Running: ['***', 'tasks', 'run', 'data_lake_pipeline', 'load_to_postgres', 'manual__2025-05-07T16:36:02.203077+00:00', '--job-id', '12', '--raw', '--subdir', 'DAGS_FOLDER/data_lake_pipeline.py', '--cfg-path', '/tmp/tmphtip7sjh']
[2025-05-07T16:36:04.496+0000] {standard_task_runner.py:83} INFO - Job 12: Subtask load_to_postgres
[2025-05-07T16:36:04.510+0000] {logging_mixin.py:137} WARNING - /home/***/.local/lib/python3.7/site-packages/***/settings.py:249 DeprecationWarning: The sql_alchemy_conn option in [core] has been moved to the sql_alchemy_conn option in [database] - the old setting has been used, but please update your config.
[2025-05-07T16:36:04.561+0000] {task_command.py:389} INFO - Running <TaskInstance: data_lake_pipeline.load_to_postgres manual__2025-05-07T16:36:02.203077+00:00 [running]> on host 19d7090b71dc
[2025-05-07T16:36:04.716+0000] {taskinstance.py:1513} INFO - Exporting the following env vars:
AIRFLOW_CTX_DAG_OWNER=***
AIRFLOW_CTX_DAG_ID=data_lake_pipeline
AIRFLOW_CTX_TASK_ID=load_to_postgres
AIRFLOW_CTX_EXECUTION_DATE=2025-05-07T16:36:02.203077+00:00
AIRFLOW_CTX_TRY_NUMBER=1
AIRFLOW_CTX_DAG_RUN_ID=manual__2025-05-07T16:36:02.203077+00:00
[2025-05-07T16:36:04.735+0000] {python.py:177} INFO - Done. Returned value was: None
[2025-05-07T16:36:04.746+0000] {taskinstance.py:1327} INFO - Marking task as SUCCESS. dag_id=data_lake_pipeline, task_id=load_to_postgres, execution_date=20250507T163602, start_date=20250507T163604, end_date=20250507T163604
[2025-05-07T16:36:04.796+0000] {local_task_job.py:159} INFO - Task exited with return code 0
[2025-05-07T16:36:04.811+0000] {taskinstance.py:2582} INFO - 0 downstream tasks scheduled from follow-on schedule check
